This file contains any messages produced by compilers while
running configure, to aid debugging if configure makes a mistake.

It was created by Tramp configure 2.1.19-pre, which was
generated by GNU Autoconf 2.65.  Invocation command line was

  $ ./configure --with-contrib

## --------- ##
## Platform. ##
## --------- ##

hostname = jupiter.sci.utah.edu
uname -m = i386
uname -r = 10.3.0
uname -s = Darwin
uname -v = Darwin Kernel Version 10.3.0: Fri Feb 26 11:58:09 PST 2010; root:xnu-1504.3.12~1/RELEASE_I386

/usr/bin/uname -p = i386
/bin/uname -X     = unknown

/bin/arch              = unknown
/usr/bin/arch -k       = unknown
/usr/convex/getsysinfo = unknown
/usr/bin/hostinfo      = Mach kernel version:
	 Darwin Kernel Version 10.3.0: Fri Feb 26 11:58:09 PST 2010; root:xnu-1504.3.12~1/RELEASE_I386
Kernel configured for up to 16 processors.
8 processors are physically available.
16 processors are logically available.
Processor type: i486 (Intel 80486)
Processors active: 0 1 2 3 4 5 6 7 8 9 10 11 12 13 14 15
Primary memory available: 16.00 gigabytes
Default processor set: 149 tasks, 630 threads, 16 processors
Load average: 0.32, Mach factor: 15.67
/bin/machine           = unknown
/usr/bin/oslevel       = unknown
/bin/universe          = unknown

PATH: /Users/cam/code/ir/trunk/bin
PATH: /Users/cam/code/ir/trunk/bin/Scripts
PATH: /Users/cam/code/ir/trunk/bin
PATH: /Users/cam/code/ir/trunk/bin/ir-tools
PATH: /sdk/qt/bin
PATH: /Users/cam/bin
PATH: /Applications/Emacs.app/Contents/MacOS
PATH: /Applications/Emacs.app/Contents/MacOS/bin
PATH: /sw/bin
PATH: /sw/sbin
PATH: /usr/bin
PATH: /bin
PATH: /usr/sbin
PATH: /sbin
PATH: ~/bin
PATH: /usr/local/bin
PATH: /usr/X11R6/bin
PATH: /sw/bin


## ----------- ##
## Core tests. ##
## ----------- ##

configure:1683: Tramp 2.1.19-pre
configure:1696: checking for gmake
configure:1726: result: no
configure:1696: checking for make
configure:1712: found /sw/bin/make
configure:1723: result: make
configure:1739: checking for reasonable make version
configure:1742: result: ok
configure:1750: checking whether make sets $(MAKE)
configure:1772: result: yes
configure:1852: checking for emacs
configure:1869: found /Applications/Emacs.app/Contents/MacOS/emacs
configure:1881: result: yes
configure:1894: checking for emacs flavor
emacs --no-site-file -batch -eval (let ((x (if (featurep 'xemacs) "yes" "no"))) (write-region (if (stringp x) (princ x) (prin1-to-string x)) nil "./conftest-88369"))
=> no
configure:1939: result: emacs
configure:1943: checking for emacs gvfs support
emacs --no-site-file -batch -eval (let ((x (if (featurep 'dbusbind) "yes" "no"))) (write-region (if (stringp x) (princ x) (prin1-to-string x)) nil "./conftest-88369"))
=> no
configure:1984: result: no
configure:1988: checking for emacs gateway support
emacs --no-site-file -batch -eval (let ((x (if (functionp 'make-network-process) "yes" "no"))) (write-region (if (stringp x) (princ x) (prin1-to-string x)) nil "./conftest-88369"))
=> yes
configure:2029: result: yes
configure:2033: checking for emacs imap support
emacs --no-site-file -batch -eval (let ((x (if (locate-library "imap-hash") "yes" "no"))) (write-region (if (stringp x) (princ x) (prin1-to-string x)) nil "./conftest-88369"))
=> no
configure:2074: result: no
configure:2078: checking for emacs utilities support
emacs --no-site-file -batch -eval (let ((x (if (functionp 'start-file-process) "no" "yes"))) (write-region (if (stringp x) (princ x) (prin1-to-string x)) nil "./conftest-88369"))
=> yes
configure:2119: result: yes
configure:2135: checking for emacs version
emacs --no-site-file -batch -eval (let ((x (if (or (>= emacs-major-version 22)	(and (featurep 'xemacs)	     (= emacs-major-version 21)	     (>= emacs-minor-version 4)))    "ok"    (format "Tramp 2.1.19-pre is not fit for %s"	    (when (string-match "^.*$" (emacs-version))	      (match-string 0 (emacs-version))))))) (write-region (if (stringp x) (princ x) (prin1-to-string x)) nil "./conftest-88369"))
=> ok
configure:2176: result: ok
configure:2192: checking for base64.el
emacs --no-site-file -batch -eval (let ((x (progn (if (featurep 'xemacs) (require 'timer-funcs)) (load "base64.el" t) (fboundp 'base64-encode-region)))) (write-region (if (stringp x) (princ x) (prin1-to-string x)) nil "./conftest-88369"))
=> t
configure:2271: result: ok
configure:2279: checking for format-spec.el
emacs --no-site-file -batch -eval (let ((x (progn (if (featurep 'xemacs) (require 'timer-funcs)) (load "format-spec.el" t) (fboundp 'format-spec)))) (write-region (if (stringp x) (princ x) (prin1-to-string x)) nil "./conftest-88369"))
Loading /Applications/Emacs.app/Contents/Resources/lisp/gnus/format-spec.el (source)...
=> t
configure:2358: result: ok
configure:2366: checking for password.el
emacs --no-site-file -batch -eval (let ((x (progn (if (featurep 'xemacs) (require 'timer-funcs)) (load "password.el" t) (fboundp 'password-cache-add)))) (write-region (if (stringp x) (princ x) (prin1-to-string x)) nil "./conftest-88369"))
=> nil
configure:2426: result: linked to contrib directory
configure:2454: checking for socks.el
emacs --no-site-file -batch -eval (let ((x (progn (if (featurep 'xemacs) (require 'timer-funcs)) (load "socks.el" t) (fboundp 'socks-open-network-stream)))) (write-region (if (stringp x) (princ x) (prin1-to-string x)) nil "./conftest-88369"))
Loading /Applications/Emacs.app/Contents/Resources/lisp/net/socks.el (source)...
=> t
configure:2533: result: ok
configure:2544: checking for makeinfo
configure:2560: found /sw/bin/makeinfo
configure:2572: result: makeinfo
configure:2584: checking for reasonable makeinfo version
configure:2588: result: ok
configure:2600: checking for texi2dvi
configure:2616: found /sw/bin/texi2dvi
configure:2628: result: texi2dvi
configure:2640: checking for reasonable texi2dvi version
configure:2645: result: ok
configure:2662: checking for install-info
configure:2678: found /sw/sbin/install-info
configure:2689: result: install-info
configure:2752: checking for installation chapter
configure:2761: result: yes
configure:2771: checking for japanese manual
configure:2780: result: no
configure:2788: checking prefix 
configure:2796: result: /usr/local
configure:2799: checking datarootdir
configure:2812: result: ${prefix}/share
configure:2815: checking datadir
configure:2824: result: ${datarootdir}
configure:2833: checking lispdir
configure:2842: result: ${datadir}/emacs/site-lisp
configure:2847: checking infodir
configure:2874: result: ${prefix}/share/info
configure:2893: checking for ftp-upload
configure:2921: result: no
configure:3086: creating ./config.status

## ---------------------- ##
## Running config.status. ##
## ---------------------- ##

This file was extended by Tramp config.status 2.1.19-pre, which was
generated by GNU Autoconf 2.65.  Invocation command line was

  CONFIG_FILES    = 
  CONFIG_HEADERS  = 
  CONFIG_LINKS    = 
  CONFIG_COMMANDS = 
  $ ./config.status 

on jupiter.sci.utah.edu

config.status:742: creating Makefile
config.status:742: creating contrib/Makefile
config.status:742: creating lisp/Makefile
config.status:742: creating lisp/trampver.el
config.status:742: creating texi/Makefile
config.status:742: creating texi/trampver.texi

## ---------------- ##
## Cache variables. ##
## ---------------- ##

EMACS_cv_SYS_base64_encode_region=t
EMACS_cv_SYS_emacs_version=ok
EMACS_cv_SYS_format_spec=t
EMACS_cv_SYS_gatewayp=yes
EMACS_cv_SYS_gvfsp=no
EMACS_cv_SYS_imapp=no
EMACS_cv_SYS_password_cache_add=nil
EMACS_cv_SYS_socks_open_network_stream=t
EMACS_cv_SYS_utilsp=yes
EMACS_cv_SYS_xemacsp=no
ac_cv_env_build_alias_set=
ac_cv_env_build_alias_value=
ac_cv_env_host_alias_set=
ac_cv_env_host_alias_value=
ac_cv_env_target_alias_set=
ac_cv_env_target_alias_value=
ac_cv_path_INTLTOOL_PERL=/usr/bin/perl
ac_cv_prog_EMACS_test_emacs=yes
ac_cv_prog_FTP_UPLOAD=no
ac_cv_prog_INSTALL_INFO=install-info
ac_cv_prog_MAKE=make
ac_cv_prog_MAKEINFO=makeinfo
ac_cv_prog_TEXI2DVI=texi2dvi
ac_cv_prog_make_make_set=yes

## ----------------- ##
## Output variables. ##
## ----------------- ##

DEFS='-DPACKAGE_NAME=\"Tramp\" -DPACKAGE_TARNAME=\"tramp\" -DPACKAGE_VERSION=\"2.1.19-pre\" -DPACKAGE_STRING=\"Tramp\ 2.1.19-pre\" -DPACKAGE_BUGREPORT=\"tramp-devel@gnu.org\" -DPACKAGE_URL=\"\"'
ECHO_C='\c'
ECHO_N=''
ECHO_T=''
EMACS='emacs'
EMACS_GVFS='no'
EMACS_GW='yes'
EMACS_IMAP='no'
EMACS_INFO='emacs'
EMACS_UTILS='yes'
EMACS_test_emacs='yes'
FTP_UPLOAD='no'
INSTALL_CHAPTER='yes'
INSTALL_INFO='install-info'
JA_MANUAL='no'
LIBOBJS=''
LIBS=''
LTLIBOBJS=''
MAKE='make'
MAKEINFO='makeinfo'
PACKAGE_BUGREPORT='tramp-devel@gnu.org'
PACKAGE_NAME='Tramp'
PACKAGE_STRING='Tramp 2.1.19-pre'
PACKAGE_TARNAME='tramp'
PACKAGE_URL=''
PACKAGE_VERSION='2.1.19-pre'
PATH_SEPARATOR=':'
SET_MAKE=''
SHELL='/bin/sh'
TEXI2DVI='texi2dvi'
TRAMP_CLEAN_FILES='.\\\#* \\\#* .*~ *~ *.aux *.cp *.cps *.diff *.dvi *.elc *.fn *.fns *.html *.info *.ky *.log *.pg *.tmp *.toc *.tp *.vr *.vrs'
TRAMP_CONFIG_FILES='Makefile contrib/Makefile lisp/Makefile lisp/trampver.el texi/Makefile texi/trampver.texi'
TRAMP_CONTRIB_FILES='password.el '
TRAMP_EMACS_MERGE_VERSION='2.1.18'
TRAMP_EMACS_VERSION_CHECK='(if (or (>= emacs-major-version 22)	(and (featurep '\''xemacs)	     (= emacs-major-version 21)	     (>= emacs-minor-version 4)))    "ok"    (format "Tramp 2.1.19-pre is not fit for %s"	    (when (string-match "^.*$" (emacs-version))	      (match-string 0 (emacs-version)))))'
bindir='${exec_prefix}/bin'
build_alias=''
datadir='${datarootdir}'
datadir_default='$datarootdir_default'
datarootdir='${prefix}/share'
datarootdir_default='${prefix}/share'
docdir='${datarootdir}/doc/${PACKAGE_TARNAME}'
dvidir='${docdir}'
exec_prefix='${prefix}'
host_alias=''
htmldir='${docdir}'
includedir='${prefix}/include'
infodir='${prefix}/share/info'
infodir_default='/usr/local/share/info'
libdir='${exec_prefix}/lib'
libexecdir='${exec_prefix}/libexec'
lispdir='${datadir}/emacs/site-lisp'
lispdir_default='/usr/local/share/emacs/site-lisp'
localedir='${datarootdir}/locale'
localstatedir='${prefix}/var'
mandir='${datarootdir}/man'
oldincludedir='/usr/include'
pdfdir='${docdir}'
prefix='/usr/local'
prefix_default='/usr/local'
program_transform_name='s,x,x,'
psdir='${docdir}'
sbindir='${exec_prefix}/sbin'
sharedstatedir='${prefix}/com'
sysconfdir='${prefix}/etc'
target_alias=''

## ----------- ##
## confdefs.h. ##
## ----------- ##

/* confdefs.h */
#define PACKAGE_NAME "Tramp"
#define PACKAGE_TARNAME "tramp"
#define PACKAGE_VERSION "2.1.19-pre"
#define PACKAGE_STRING "Tramp 2.1.19-pre"
#define PACKAGE_BUGREPORT "tramp-devel@gnu.org"
#define PACKAGE_URL ""

configure: exit 0
